This file contains any messages produced by compilers while
running configure, to aid debugging if configure makes a mistake.

It was created by pk configure 1.0, which was
generated by GNU Autoconf 2.59.  Invocation command line was

  $ ./configure --prefix=/tmp/tjcw/pk

## --------- ##
## Platform. ##
## --------- ##

hostname = bgwfen1
uname -m = ppc64
uname -r = 2.6.5-7.244-pseries64
uname -s = Linux
uname -v = #1 SMP Mon Dec 12 18:32:25 UTC 2005

/usr/bin/uname -p = unknown
/bin/uname -X     = unknown

/bin/arch              = ppc64
/usr/bin/arch -k       = unknown
/usr/convex/getsysinfo = unknown
hostinfo               = unknown
/bin/machine           = unknown
/usr/bin/oslevel       = unknown
/bin/universe          = unknown

PATH: /gsa/watgsa/home/t/j/tjcw/per_arch/ppc64/Linux/bin
PATH: /gsa/watgsa/home/t/j/tjcw/per_arch/ppc64/Linux/ode5.0/
PATH: /bgl/console/bin
PATH: /gsa/watgsa/home/t/j/tjcw/bin
PATH: /gsa/watgsa/home/t/j/tjcw/ode_current/ppc64/Linux
PATH: /gsa/watgsa/home/t/j/tjcw/per_arch/ppc64/Linux/bin
PATH: /gsa/watgsa/home/t/j/tjcw/per_arch/ppc64/Linux/ode5.0/
PATH: /bgl/console/bin
PATH: /gsa/watgsa/home/t/j/tjcw/bin
PATH: /gsa/watgsa/home/t/j/tjcw/per_arch/ppc64/Linux/bin
PATH: /gsa/watgsa/home/t/j/tjcw/per_arch/ppc64/Linux/ode5.0/
PATH: /bgl/console/bin
PATH: /gsa/watgsa/home/t/j/tjcw/bin
PATH: /gsa/watgsa/home/t/j/tjcw/bin
PATH: /usr/local/bin
PATH: /usr/bin
PATH: /usr/X11R6/bin
PATH: /bin
PATH: /usr/lpp/mmfs/bin
PATH: /opt/ibmll/LoadL/full/bin
PATH: /usr/games
PATH: /opt/gnome/bin
PATH: /opt/kde3/bin
PATH: /usr/lib/java/jre/bin
PATH: /u/bgdb2cli/sqllib/bin
PATH: /u/bgdb2cli/sqllib/adm
PATH: /u/bgdb2cli/sqllib/misc


## ----------- ##
## Core tests. ##
## ----------- ##

configure:1273: checking for a BSD-compatible install
configure:1328: result: /usr/bin/install -c
configure:1339: checking whether build environment is sane
configure:1382: result: yes
configure:1447: checking for gawk
configure:1463: found /usr/bin/gawk
configure:1473: result: gawk
configure:1483: checking whether make sets $(MAKE)
configure:1503: result: yes
configure:1799: creating ./config.status

## ---------------------- ##
## Running config.status. ##
## ---------------------- ##

This file was extended by pk config.status 1.0, which was
generated by GNU Autoconf 2.59.  Invocation command line was

  CONFIG_FILES    = 
  CONFIG_HEADERS  = 
  CONFIG_LINKS    = 
  CONFIG_COMMANDS = 
  $ ./config.status 

on bgwfen1

config.status:733: creating pthread/Makefile
config.status:733: creating pthread/include/Makefile
config.status:733: creating a2a/Makefile
config.status:733: creating a2a/include/Makefile
config.status:733: creating a2a/src/Makefile
config.status:733: creating blade/Makefile
config.status:733: creating blade/include/Makefile
config.status:733: creating blade/src/Makefile
config.status:733: creating throbber/Makefile
config.status:733: creating throbber/src/Makefile
config.status:733: creating bgl/test/Makefile
config.status:733: creating bgl/Makefile
config.status:733: creating bgl/include/Makefile
config.status:733: creating fft/Makefile
config.status:733: creating fft/include/Makefile
config.status:733: creating rpc/test/Makefile
config.status:733: creating rpc/Makefile
config.status:733: creating rpc/include/Makefile
config.status:733: creating heap/Makefile
config.status:733: creating heap/include/Makefile
config.status:733: creating math/src/Makefile
config.status:733: creating math/test/Makefile
config.status:733: creating math/Makefile
config.status:733: creating math/include/Makefile
config.status:733: creating rnew/test/Makefile
config.status:733: creating rnew/Makefile
config.status:733: creating rnew/include/Makefile
config.status:733: creating collective/test/Makefile
config.status:733: creating collective/Makefile
config.status:733: creating collective/include/Makefile
config.status:733: creating ptopology/Makefile
config.status:733: creating ptopology/include/Makefile
config.status:733: creating reactor/src/Makefile
config.status:733: creating reactor/test/Makefile
config.status:733: creating reactor/Makefile
config.status:733: creating reactor/include/Makefile
config.status:733: creating debug/Makefile
config.status:733: creating debug/include/Makefile
config.status:733: creating trace/src/Makefile
config.status:733: creating trace/Makefile
config.status:733: creating trace/include/Makefile
config.status:733: creating exception/src/Makefile
config.status:733: creating exception/Makefile
config.status:733: creating exception/include/Makefile
config.status:733: creating atomic_op/Makefile
config.status:733: creating atomic_op/include/Makefile
config.status:733: creating globject/src/Makefile
config.status:733: creating globject/test/Makefile
config.status:733: creating globject/Makefile
config.status:733: creating globject/include/Makefile
config.status:733: creating blimpi/test/Makefile
config.status:733: creating multicast/test/Makefile
config.status:733: creating multicast/Makefile
config.status:733: creating multicast/include/Makefile
config.status:733: creating Makefile
config.status:733: creating fxlogger/src/Makefile
config.status:733: creating fxlogger/Makefile
config.status:733: creating fxlogger/include/Makefile
config.status:733: creating random/Makefile
config.status:733: creating random/include/Makefile
config.status:733: creating queues/test/Makefile
config.status:733: creating queues/Makefile
config.status:733: creating queues/include/Makefile
config.status:733: creating ltopology/Makefile
config.status:733: creating ltopology/include/Makefile
config.status:733: creating barrier/Makefile
config.status:733: creating barrier/include/Makefile
config.status:733: creating platform/src/Makefile
config.status:733: creating platform/Makefile
config.status:733: creating platform/include/Makefile
config.status:733: creating statistic/Makefile
config.status:733: creating statistic/include/Makefile
config.status:733: creating util_comm/Makefile
config.status:733: creating util_comm/include/Makefile
config.status:733: creating util_test/test/Makefile
config.status:733: creating util_test/Makefile
config.status:733: creating util_test/include/Makefile
config.status:733: creating util_aix/Makefile
config.status:733: creating util_aix/include/Makefile
config.status:733: creating util_bgl/Makefile
config.status:733: creating util_bgl/include/Makefile
config.status:733: creating util_cpp/Makefile
config.status:733: creating util_cpp/include/Makefile

## ---------------- ##
## Cache variables. ##
## ---------------- ##

ac_cv_env_build_alias_set=
ac_cv_env_build_alias_value=
ac_cv_env_host_alias_set=
ac_cv_env_host_alias_value=
ac_cv_env_target_alias_set=
ac_cv_env_target_alias_value=
ac_cv_path_install='/usr/bin/install -c'
ac_cv_prog_AWK=gawk
ac_cv_prog_make_make_set=yes

## ----------------- ##
## Output variables. ##
## ----------------- ##

ACLOCAL='${SHELL} /bgwhome1/tjcw/sandboxes/svndev/src/pk/missing --run aclocal-1.9'
AMTAR='${SHELL} /bgwhome1/tjcw/sandboxes/svndev/src/pk/missing --run tar'
AUTOCONF='${SHELL} /bgwhome1/tjcw/sandboxes/svndev/src/pk/missing --run autoconf'
AUTOHEADER='${SHELL} /bgwhome1/tjcw/sandboxes/svndev/src/pk/missing --run autoheader'
AUTOMAKE='${SHELL} /bgwhome1/tjcw/sandboxes/svndev/src/pk/missing --run automake-1.9'
AWK='gawk'
CYGPATH_W='echo'
DEFS='-DPACKAGE_NAME=\"pk\" -DPACKAGE_TARNAME=\"pk\" -DPACKAGE_VERSION=\"1.0\" -DPACKAGE_STRING=\"pk\ 1.0\" -DPACKAGE_BUGREPORT=\"\" -DPACKAGE=\"pk\" -DVERSION=\"1.0\" '
ECHO_C=''
ECHO_N='-n'
ECHO_T=''
INSTALL_DATA='${INSTALL} -m 644'
INSTALL_PROGRAM='${INSTALL}'
INSTALL_SCRIPT='${INSTALL}'
INSTALL_STRIP_PROGRAM='${SHELL} $(install_sh) -c -s'
LIBOBJS=''
LIBS=''
LTLIBOBJS=''
MAKEINFO='${SHELL} /bgwhome1/tjcw/sandboxes/svndev/src/pk/missing --run makeinfo'
PACKAGE='pk'
PACKAGE_BUGREPORT=''
PACKAGE_NAME='pk'
PACKAGE_STRING='pk 1.0'
PACKAGE_TARNAME='pk'
PACKAGE_VERSION='1.0'
PATH_SEPARATOR=':'
SET_MAKE=''
SHELL='/bin/sh'
STRIP=''
VERSION='1.0'
ac_ct_STRIP=''
am__leading_dot='.'
am__tar='${AMTAR} chof - "$$tardir"'
am__untar='${AMTAR} xf -'
bindir='${exec_prefix}/bin'
build_alias=''
datadir='${prefix}/share'
exec_prefix='${prefix}'
host_alias=''
includedir='${prefix}/include'
infodir='${prefix}/info'
install_sh='/bgwhome1/tjcw/sandboxes/svndev/src/pk/install-sh'
libdir='${exec_prefix}/lib'
libexecdir='${exec_prefix}/libexec'
localstatedir='${prefix}/var'
mandir='${prefix}/man'
mkdir_p='mkdir -p --'
oldincludedir='/usr/include'
prefix='/tmp/tjcw/pk'
program_transform_name='s,x,x,'
sbindir='${exec_prefix}/sbin'
sharedstatedir='${prefix}/com'
sysconfdir='${prefix}/etc'
target_alias=''

## ----------- ##
## confdefs.h. ##
## ----------- ##

#define PACKAGE "pk"
#define PACKAGE_BUGREPORT ""
#define PACKAGE_NAME "pk"
#define PACKAGE_STRING "pk 1.0"
#define PACKAGE_TARNAME "pk"
#define PACKAGE_VERSION "1.0"
#define VERSION "1.0"

configure: exit 0

## ---------------------- ##
## Running config.status. ##
## ---------------------- ##

This file was extended by pk config.status 1.0, which was
generated by GNU Autoconf 2.59.  Invocation command line was

  CONFIG_FILES    = 
  CONFIG_HEADERS  = 
  CONFIG_LINKS    = 
  CONFIG_COMMANDS = 
  $ ./config.status blade/include/Makefile

on bgwfen1

config.status:733: creating blade/include/Makefile

## ---------------------- ##
## Running config.status. ##
## ---------------------- ##

This file was extended by pk config.status 1.0, which was
generated by GNU Autoconf 2.59.  Invocation command line was

  CONFIG_FILES    = 
  CONFIG_HEADERS  = 
  CONFIG_LINKS    = 
  CONFIG_COMMANDS = 
  $ ./config.status blade/src/Makefile

on bgwfen1

config.status:733: creating blade/src/Makefile

## ---------------------- ##
## Running config.status. ##
## ---------------------- ##

This file was extended by pk config.status 1.0, which was
generated by GNU Autoconf 2.59.  Invocation command line was

  CONFIG_FILES    = 
  CONFIG_HEADERS  = 
  CONFIG_LINKS    = 
  CONFIG_COMMANDS = 
  $ ./config.status blade/Makefile

on bgwfen1

config.status:733: creating blade/Makefile

## ---------------------- ##
## Running config.status. ##
## ---------------------- ##

This file was extended by pk config.status 1.0, which was
generated by GNU Autoconf 2.59.  Invocation command line was

  CONFIG_FILES    = 
  CONFIG_HEADERS  = 
  CONFIG_LINKS    = 
  CONFIG_COMMANDS = 
  $ ./config.status Makefile

on bgwfen1

config.status:733: creating Makefile

## ---------------------- ##
## Running config.status. ##
## ---------------------- ##

This file was extended by pk config.status 1.0, which was
generated by GNU Autoconf 2.59.  Invocation command line was

  CONFIG_FILES    = 
  CONFIG_HEADERS  = 
  CONFIG_LINKS    = 
  CONFIG_COMMANDS = 
  $ ./config.status atomic_op/Makefile

on bgwfen1

config.status:733: creating atomic_op/Makefile

## ---------------------- ##
## Running config.status. ##
## ---------------------- ##

This file was extended by pk config.status 1.0, which was
generated by GNU Autoconf 2.59.  Invocation command line was

  CONFIG_FILES    = 
  CONFIG_HEADERS  = 
  CONFIG_LINKS    = 
  CONFIG_COMMANDS = 
  $ ./config.status atomic_op/include/Makefile

on bgwfen1

config.status:733: creating atomic_op/include/Makefile

## ---------------------- ##
## Running config.status. ##
## ---------------------- ##

This file was extended by pk config.status 1.0, which was
generated by GNU Autoconf 2.59.  Invocation command line was

  CONFIG_FILES    = 
  CONFIG_HEADERS  = 
  CONFIG_LINKS    = 
  CONFIG_COMMANDS = 
  $ ./config.status bgl/Makefile

on bgwfen1

config.status:733: creating bgl/Makefile

## ---------------------- ##
## Running config.status. ##
## ---------------------- ##

This file was extended by pk config.status 1.0, which was
generated by GNU Autoconf 2.59.  Invocation command line was

  CONFIG_FILES    = 
  CONFIG_HEADERS  = 
  CONFIG_LINKS    = 
  CONFIG_COMMANDS = 
  $ ./config.status bgl/include/Makefile

on bgwfen1

config.status:733: creating bgl/include/Makefile

## ---------------------- ##
## Running config.status. ##
## ---------------------- ##

This file was extended by pk config.status 1.0, which was
generated by GNU Autoconf 2.59.  Invocation command line was

  CONFIG_FILES    = 
  CONFIG_HEADERS  = 
  CONFIG_LINKS    = 
  CONFIG_COMMANDS = 
  $ ./config.status bgl/test/Makefile

on bgwfen1

config.status:733: creating bgl/test/Makefile

## ---------------------- ##
## Running config.status. ##
## ---------------------- ##

This file was extended by pk config.status 1.0, which was
generated by GNU Autoconf 2.59.  Invocation command line was

  CONFIG_FILES    = 
  CONFIG_HEADERS  = 
  CONFIG_LINKS    = 
  CONFIG_COMMANDS = 
  $ ./config.status barrier/Makefile

on bgwfen1

config.status:733: creating barrier/Makefile

## ---------------------- ##
## Running config.status. ##
## ---------------------- ##

This file was extended by pk config.status 1.0, which was
generated by GNU Autoconf 2.59.  Invocation command line was

  CONFIG_FILES    = 
  CONFIG_HEADERS  = 
  CONFIG_LINKS    = 
  CONFIG_COMMANDS = 
  $ ./config.status barrier/include/Makefile

on bgwfen1

config.status:733: creating barrier/include/Makefile

## ---------------------- ##
## Running config.status. ##
## ---------------------- ##

This file was extended by pk config.status 1.0, which was
generated by GNU Autoconf 2.59.  Invocation command line was

  CONFIG_FILES    = 
  CONFIG_HEADERS  = 
  CONFIG_LINKS    = 
  CONFIG_COMMANDS = 
  $ ./config.status collective/Makefile

on bgwfen1

config.status:733: creating collective/Makefile

## ---------------------- ##
## Running config.status. ##
## ---------------------- ##

This file was extended by pk config.status 1.0, which was
generated by GNU Autoconf 2.59.  Invocation command line was

  CONFIG_FILES    = 
  CONFIG_HEADERS  = 
  CONFIG_LINKS    = 
  CONFIG_COMMANDS = 
  $ ./config.status collective/include/Makefile

on bgwfen1

config.status:733: creating collective/include/Makefile

## ---------------------- ##
## Running config.status. ##
## ---------------------- ##

This file was extended by pk config.status 1.0, which was
generated by GNU Autoconf 2.59.  Invocation command line was

  CONFIG_FILES    = 
  CONFIG_HEADERS  = 
  CONFIG_LINKS    = 
  CONFIG_COMMANDS = 
  $ ./config.status collective/test/Makefile

on bgwfen1

config.status:733: creating collective/test/Makefile

## ---------------------- ##
## Running config.status. ##
## ---------------------- ##

This file was extended by pk config.status 1.0, which was
generated by GNU Autoconf 2.59.  Invocation command line was

  CONFIG_FILES    = 
  CONFIG_HEADERS  = 
  CONFIG_LINKS    = 
  CONFIG_COMMANDS = 
  $ ./config.status debug/Makefile

on bgwfen1

config.status:733: creating debug/Makefile

## ---------------------- ##
## Running config.status. ##
## ---------------------- ##

This file was extended by pk config.status 1.0, which was
generated by GNU Autoconf 2.59.  Invocation command line was

  CONFIG_FILES    = 
  CONFIG_HEADERS  = 
  CONFIG_LINKS    = 
  CONFIG_COMMANDS = 
  $ ./config.status debug/include/Makefile

on bgwfen1

config.status:733: creating debug/include/Makefile

## ---------------------- ##
## Running config.status. ##
## ---------------------- ##

This file was extended by pk config.status 1.0, which was
generated by GNU Autoconf 2.59.  Invocation command line was

  CONFIG_FILES    = 
  CONFIG_HEADERS  = 
  CONFIG_LINKS    = 
  CONFIG_COMMANDS = 
  $ ./config.status exception/Makefile

on bgwfen1

config.status:733: creating exception/Makefile

## ---------------------- ##
## Running config.status. ##
## ---------------------- ##

This file was extended by pk config.status 1.0, which was
generated by GNU Autoconf 2.59.  Invocation command line was

  CONFIG_FILES    = 
  CONFIG_HEADERS  = 
  CONFIG_LINKS    = 
  CONFIG_COMMANDS = 
  $ ./config.status exception/include/Makefile

on bgwfen1

config.status:733: creating exception/include/Makefile

## ---------------------- ##
## Running config.status. ##
## ---------------------- ##

This file was extended by pk config.status 1.0, which was
generated by GNU Autoconf 2.59.  Invocation command line was

  CONFIG_FILES    = 
  CONFIG_HEADERS  = 
  CONFIG_LINKS    = 
  CONFIG_COMMANDS = 
  $ ./config.status exception/src/Makefile

on bgwfen1

config.status:733: creating exception/src/Makefile

## ---------------------- ##
## Running config.status. ##
## ---------------------- ##

This file was extended by pk config.status 1.0, which was
generated by GNU Autoconf 2.59.  Invocation command line was

  CONFIG_FILES    = 
  CONFIG_HEADERS  = 
  CONFIG_LINKS    = 
  CONFIG_COMMANDS = 
  $ ./config.status fxlogger/Makefile

on bgwfen1

config.status:733: creating fxlogger/Makefile

## ---------------------- ##
## Running config.status. ##
## ---------------------- ##

This file was extended by pk config.status 1.0, which was
generated by GNU Autoconf 2.59.  Invocation command line was

  CONFIG_FILES    = 
  CONFIG_HEADERS  = 
  CONFIG_LINKS    = 
  CONFIG_COMMANDS = 
  $ ./config.status fxlogger/include/Makefile

on bgwfen1

config.status:733: creating fxlogger/include/Makefile

## ---------------------- ##
## Running config.status. ##
## ---------------------- ##

This file was extended by pk config.status 1.0, which was
generated by GNU Autoconf 2.59.  Invocation command line was

  CONFIG_FILES    = 
  CONFIG_HEADERS  = 
  CONFIG_LINKS    = 
  CONFIG_COMMANDS = 
  $ ./config.status fxlogger/src/Makefile

on bgwfen1

config.status:733: creating fxlogger/src/Makefile

## ---------------------- ##
## Running config.status. ##
## ---------------------- ##

This file was extended by pk config.status 1.0, which was
generated by GNU Autoconf 2.59.  Invocation command line was

  CONFIG_FILES    = 
  CONFIG_HEADERS  = 
  CONFIG_LINKS    = 
  CONFIG_COMMANDS = 
  $ ./config.status globject/Makefile

on bgwfen1

config.status:733: creating globject/Makefile

## ---------------------- ##
## Running config.status. ##
## ---------------------- ##

This file was extended by pk config.status 1.0, which was
generated by GNU Autoconf 2.59.  Invocation command line was

  CONFIG_FILES    = 
  CONFIG_HEADERS  = 
  CONFIG_LINKS    = 
  CONFIG_COMMANDS = 
  $ ./config.status globject/include/Makefile

on bgwfen1

config.status:733: creating globject/include/Makefile

## ---------------------- ##
## Running config.status. ##
## ---------------------- ##

This file was extended by pk config.status 1.0, which was
generated by GNU Autoconf 2.59.  Invocation command line was

  CONFIG_FILES    = 
  CONFIG_HEADERS  = 
  CONFIG_LINKS    = 
  CONFIG_COMMANDS = 
  $ ./config.status globject/src/Makefile

on bgwfen1

config.status:733: creating globject/src/Makefile

## ---------------------- ##
## Running config.status. ##
## ---------------------- ##

This file was extended by pk config.status 1.0, which was
generated by GNU Autoconf 2.59.  Invocation command line was

  CONFIG_FILES    = 
  CONFIG_HEADERS  = 
  CONFIG_LINKS    = 
  CONFIG_COMMANDS = 
  $ ./config.status globject/test/Makefile

on bgwfen1

config.status:733: creating globject/test/Makefile

## ---------------------- ##
## Running config.status. ##
## ---------------------- ##

This file was extended by pk config.status 1.0, which was
generated by GNU Autoconf 2.59.  Invocation command line was

  CONFIG_FILES    = 
  CONFIG_HEADERS  = 
  CONFIG_LINKS    = 
  CONFIG_COMMANDS = 
  $ ./config.status heap/Makefile

on bgwfen1

config.status:733: creating heap/Makefile

## ---------------------- ##
## Running config.status. ##
## ---------------------- ##

This file was extended by pk config.status 1.0, which was
generated by GNU Autoconf 2.59.  Invocation command line was

  CONFIG_FILES    = 
  CONFIG_HEADERS  = 
  CONFIG_LINKS    = 
  CONFIG_COMMANDS = 
  $ ./config.status heap/include/Makefile

on bgwfen1

config.status:733: creating heap/include/Makefile

## ---------------------- ##
## Running config.status. ##
## ---------------------- ##

This file was extended by pk config.status 1.0, which was
generated by GNU Autoconf 2.59.  Invocation command line was

  CONFIG_FILES    = 
  CONFIG_HEADERS  = 
  CONFIG_LINKS    = 
  CONFIG_COMMANDS = 
  $ ./config.status ltopology/Makefile

on bgwfen1

config.status:733: creating ltopology/Makefile

## ---------------------- ##
## Running config.status. ##
## ---------------------- ##

This file was extended by pk config.status 1.0, which was
generated by GNU Autoconf 2.59.  Invocation command line was

  CONFIG_FILES    = 
  CONFIG_HEADERS  = 
  CONFIG_LINKS    = 
  CONFIG_COMMANDS = 
  $ ./config.status ltopology/include/Makefile

on bgwfen1

config.status:733: creating ltopology/include/Makefile

## ---------------------- ##
## Running config.status. ##
## ---------------------- ##

This file was extended by pk config.status 1.0, which was
generated by GNU Autoconf 2.59.  Invocation command line was

  CONFIG_FILES    = 
  CONFIG_HEADERS  = 
  CONFIG_LINKS    = 
  CONFIG_COMMANDS = 
  $ ./config.status math/Makefile

on bgwfen1

config.status:733: creating math/Makefile

## ---------------------- ##
## Running config.status. ##
## ---------------------- ##

This file was extended by pk config.status 1.0, which was
generated by GNU Autoconf 2.59.  Invocation command line was

  CONFIG_FILES    = 
  CONFIG_HEADERS  = 
  CONFIG_LINKS    = 
  CONFIG_COMMANDS = 
  $ ./config.status math/include/Makefile

on bgwfen1

config.status:733: creating math/include/Makefile

## ---------------------- ##
## Running config.status. ##
## ---------------------- ##

This file was extended by pk config.status 1.0, which was
generated by GNU Autoconf 2.59.  Invocation command line was

  CONFIG_FILES    = 
  CONFIG_HEADERS  = 
  CONFIG_LINKS    = 
  CONFIG_COMMANDS = 
  $ ./config.status math/src/Makefile

on bgwfen1

config.status:733: creating math/src/Makefile

## ---------------------- ##
## Running config.status. ##
## ---------------------- ##

This file was extended by pk config.status 1.0, which was
generated by GNU Autoconf 2.59.  Invocation command line was

  CONFIG_FILES    = 
  CONFIG_HEADERS  = 
  CONFIG_LINKS    = 
  CONFIG_COMMANDS = 
  $ ./config.status math/test/Makefile

on bgwfen1

config.status:733: creating math/test/Makefile

## ---------------------- ##
## Running config.status. ##
## ---------------------- ##

This file was extended by pk config.status 1.0, which was
generated by GNU Autoconf 2.59.  Invocation command line was

  CONFIG_FILES    = 
  CONFIG_HEADERS  = 
  CONFIG_LINKS    = 
  CONFIG_COMMANDS = 
  $ ./config.status multicast/Makefile

on bgwfen1

config.status:733: creating multicast/Makefile

## ---------------------- ##
## Running config.status. ##
## ---------------------- ##

This file was extended by pk config.status 1.0, which was
generated by GNU Autoconf 2.59.  Invocation command line was

  CONFIG_FILES    = 
  CONFIG_HEADERS  = 
  CONFIG_LINKS    = 
  CONFIG_COMMANDS = 
  $ ./config.status multicast/include/Makefile

on bgwfen1

config.status:733: creating multicast/include/Makefile

## ---------------------- ##
## Running config.status. ##
## ---------------------- ##

This file was extended by pk config.status 1.0, which was
generated by GNU Autoconf 2.59.  Invocation command line was

  CONFIG_FILES    = 
  CONFIG_HEADERS  = 
  CONFIG_LINKS    = 
  CONFIG_COMMANDS = 
  $ ./config.status multicast/test/Makefile

on bgwfen1

config.status:733: creating multicast/test/Makefile

## ---------------------- ##
## Running config.status. ##
## ---------------------- ##

This file was extended by pk config.status 1.0, which was
generated by GNU Autoconf 2.59.  Invocation command line was

  CONFIG_FILES    = 
  CONFIG_HEADERS  = 
  CONFIG_LINKS    = 
  CONFIG_COMMANDS = 
  $ ./config.status platform/Makefile

on bgwfen1

config.status:733: creating platform/Makefile

## ---------------------- ##
## Running config.status. ##
## ---------------------- ##

This file was extended by pk config.status 1.0, which was
generated by GNU Autoconf 2.59.  Invocation command line was

  CONFIG_FILES    = 
  CONFIG_HEADERS  = 
  CONFIG_LINKS    = 
  CONFIG_COMMANDS = 
  $ ./config.status platform/include/Makefile

on bgwfen1

config.status:733: creating platform/include/Makefile

## ---------------------- ##
## Running config.status. ##
## ---------------------- ##

This file was extended by pk config.status 1.0, which was
generated by GNU Autoconf 2.59.  Invocation command line was

  CONFIG_FILES    = 
  CONFIG_HEADERS  = 
  CONFIG_LINKS    = 
  CONFIG_COMMANDS = 
  $ ./config.status platform/src/Makefile

on bgwfen1

config.status:733: creating platform/src/Makefile

## ---------------------- ##
## Running config.status. ##
## ---------------------- ##

This file was extended by pk config.status 1.0, which was
generated by GNU Autoconf 2.59.  Invocation command line was

  CONFIG_FILES    = 
  CONFIG_HEADERS  = 
  CONFIG_LINKS    = 
  CONFIG_COMMANDS = 
  $ ./config.status pthread/Makefile

on bgwfen1

config.status:733: creating pthread/Makefile

## ---------------------- ##
## Running config.status. ##
## ---------------------- ##

This file was extended by pk config.status 1.0, which was
generated by GNU Autoconf 2.59.  Invocation command line was

  CONFIG_FILES    = 
  CONFIG_HEADERS  = 
  CONFIG_LINKS    = 
  CONFIG_COMMANDS = 
  $ ./config.status pthread/include/Makefile

on bgwfen1

config.status:733: creating pthread/include/Makefile

## ---------------------- ##
## Running config.status. ##
## ---------------------- ##

This file was extended by pk config.status 1.0, which was
generated by GNU Autoconf 2.59.  Invocation command line was

  CONFIG_FILES    = 
  CONFIG_HEADERS  = 
  CONFIG_LINKS    = 
  CONFIG_COMMANDS = 
  $ ./config.status ptopology/Makefile

on bgwfen1

config.status:733: creating ptopology/Makefile

## ---------------------- ##
## Running config.status. ##
## ---------------------- ##

This file was extended by pk config.status 1.0, which was
generated by GNU Autoconf 2.59.  Invocation command line was

  CONFIG_FILES    = 
  CONFIG_HEADERS  = 
  CONFIG_LINKS    = 
  CONFIG_COMMANDS = 
  $ ./config.status ptopology/include/Makefile

on bgwfen1

config.status:733: creating ptopology/include/Makefile

## ---------------------- ##
## Running config.status. ##
## ---------------------- ##

This file was extended by pk config.status 1.0, which was
generated by GNU Autoconf 2.59.  Invocation command line was

  CONFIG_FILES    = 
  CONFIG_HEADERS  = 
  CONFIG_LINKS    = 
  CONFIG_COMMANDS = 
  $ ./config.status queues/Makefile

on bgwfen1

config.status:733: creating queues/Makefile

## ---------------------- ##
## Running config.status. ##
## ---------------------- ##

This file was extended by pk config.status 1.0, which was
generated by GNU Autoconf 2.59.  Invocation command line was

  CONFIG_FILES    = 
  CONFIG_HEADERS  = 
  CONFIG_LINKS    = 
  CONFIG_COMMANDS = 
  $ ./config.status queues/include/Makefile

on bgwfen1

config.status:733: creating queues/include/Makefile

## ---------------------- ##
## Running config.status. ##
## ---------------------- ##

This file was extended by pk config.status 1.0, which was
generated by GNU Autoconf 2.59.  Invocation command line was

  CONFIG_FILES    = 
  CONFIG_HEADERS  = 
  CONFIG_LINKS    = 
  CONFIG_COMMANDS = 
  $ ./config.status queues/test/Makefile

on bgwfen1

config.status:733: creating queues/test/Makefile

## ---------------------- ##
## Running config.status. ##
## ---------------------- ##

This file was extended by pk config.status 1.0, which was
generated by GNU Autoconf 2.59.  Invocation command line was

  CONFIG_FILES    = 
  CONFIG_HEADERS  = 
  CONFIG_LINKS    = 
  CONFIG_COMMANDS = 
  $ ./config.status reactor/Makefile

on bgwfen1

config.status:733: creating reactor/Makefile

## ---------------------- ##
## Running config.status. ##
## ---------------------- ##

This file was extended by pk config.status 1.0, which was
generated by GNU Autoconf 2.59.  Invocation command line was

  CONFIG_FILES    = 
  CONFIG_HEADERS  = 
  CONFIG_LINKS    = 
  CONFIG_COMMANDS = 
  $ ./config.status reactor/include/Makefile

on bgwfen1

config.status:733: creating reactor/include/Makefile

## ---------------------- ##
## Running config.status. ##
## ---------------------- ##

This file was extended by pk config.status 1.0, which was
generated by GNU Autoconf 2.59.  Invocation command line was

  CONFIG_FILES    = 
  CONFIG_HEADERS  = 
  CONFIG_LINKS    = 
  CONFIG_COMMANDS = 
  $ ./config.status reactor/src/Makefile

on bgwfen1

config.status:733: creating reactor/src/Makefile

## ---------------------- ##
## Running config.status. ##
## ---------------------- ##

This file was extended by pk config.status 1.0, which was
generated by GNU Autoconf 2.59.  Invocation command line was

  CONFIG_FILES    = 
  CONFIG_HEADERS  = 
  CONFIG_LINKS    = 
  CONFIG_COMMANDS = 
  $ ./config.status reactor/test/Makefile

on bgwfen1

config.status:733: creating reactor/test/Makefile

## ---------------------- ##
## Running config.status. ##
## ---------------------- ##

This file was extended by pk config.status 1.0, which was
generated by GNU Autoconf 2.59.  Invocation command line was

  CONFIG_FILES    = 
  CONFIG_HEADERS  = 
  CONFIG_LINKS    = 
  CONFIG_COMMANDS = 
  $ ./config.status rnew/Makefile

on bgwfen1

config.status:733: creating rnew/Makefile

## ---------------------- ##
## Running config.status. ##
## ---------------------- ##

This file was extended by pk config.status 1.0, which was
generated by GNU Autoconf 2.59.  Invocation command line was

  CONFIG_FILES    = 
  CONFIG_HEADERS  = 
  CONFIG_LINKS    = 
  CONFIG_COMMANDS = 
  $ ./config.status rnew/include/Makefile

on bgwfen1

config.status:733: creating rnew/include/Makefile

## ---------------------- ##
## Running config.status. ##
## ---------------------- ##

This file was extended by pk config.status 1.0, which was
generated by GNU Autoconf 2.59.  Invocation command line was

  CONFIG_FILES    = 
  CONFIG_HEADERS  = 
  CONFIG_LINKS    = 
  CONFIG_COMMANDS = 
  $ ./config.status rpc/Makefile

on bgwfen1

config.status:733: creating rpc/Makefile

## ---------------------- ##
## Running config.status. ##
## ---------------------- ##

This file was extended by pk config.status 1.0, which was
generated by GNU Autoconf 2.59.  Invocation command line was

  CONFIG_FILES    = 
  CONFIG_HEADERS  = 
  CONFIG_LINKS    = 
  CONFIG_COMMANDS = 
  $ ./config.status rpc/include/Makefile

on bgwfen1

config.status:733: creating rpc/include/Makefile

## ---------------------- ##
## Running config.status. ##
## ---------------------- ##

This file was extended by pk config.status 1.0, which was
generated by GNU Autoconf 2.59.  Invocation command line was

  CONFIG_FILES    = 
  CONFIG_HEADERS  = 
  CONFIG_LINKS    = 
  CONFIG_COMMANDS = 
  $ ./config.status rpc/test/Makefile

on bgwfen1

config.status:733: creating rpc/test/Makefile

## ---------------------- ##
## Running config.status. ##
## ---------------------- ##

This file was extended by pk config.status 1.0, which was
generated by GNU Autoconf 2.59.  Invocation command line was

  CONFIG_FILES    = 
  CONFIG_HEADERS  = 
  CONFIG_LINKS    = 
  CONFIG_COMMANDS = 
  $ ./config.status statistic/Makefile

on bgwfen1

config.status:733: creating statistic/Makefile

## ---------------------- ##
## Running config.status. ##
## ---------------------- ##

This file was extended by pk config.status 1.0, which was
generated by GNU Autoconf 2.59.  Invocation command line was

  CONFIG_FILES    = 
  CONFIG_HEADERS  = 
  CONFIG_LINKS    = 
  CONFIG_COMMANDS = 
  $ ./config.status statistic/include/Makefile

on bgwfen1

config.status:733: creating statistic/include/Makefile

## ---------------------- ##
## Running config.status. ##
## ---------------------- ##

This file was extended by pk config.status 1.0, which was
generated by GNU Autoconf 2.59.  Invocation command line was

  CONFIG_FILES    = 
  CONFIG_HEADERS  = 
  CONFIG_LINKS    = 
  CONFIG_COMMANDS = 
  $ ./config.status trace/Makefile

on bgwfen1

config.status:733: creating trace/Makefile

## ---------------------- ##
## Running config.status. ##
## ---------------------- ##

This file was extended by pk config.status 1.0, which was
generated by GNU Autoconf 2.59.  Invocation command line was

  CONFIG_FILES    = 
  CONFIG_HEADERS  = 
  CONFIG_LINKS    = 
  CONFIG_COMMANDS = 
  $ ./config.status trace/include/Makefile

on bgwfen1

config.status:733: creating trace/include/Makefile

## ---------------------- ##
## Running config.status. ##
## ---------------------- ##

This file was extended by pk config.status 1.0, which was
generated by GNU Autoconf 2.59.  Invocation command line was

  CONFIG_FILES    = 
  CONFIG_HEADERS  = 
  CONFIG_LINKS    = 
  CONFIG_COMMANDS = 
  $ ./config.status trace/src/Makefile

on bgwfen1

config.status:733: creating trace/src/Makefile

## ---------------------- ##
## Running config.status. ##
## ---------------------- ##

This file was extended by pk config.status 1.0, which was
generated by GNU Autoconf 2.59.  Invocation command line was

  CONFIG_FILES    = 
  CONFIG_HEADERS  = 
  CONFIG_LINKS    = 
  CONFIG_COMMANDS = 
  $ ./config.status util_comm/Makefile

on bgwfen1

config.status:733: creating util_comm/Makefile

## ---------------------- ##
## Running config.status. ##
## ---------------------- ##

This file was extended by pk config.status 1.0, which was
generated by GNU Autoconf 2.59.  Invocation command line was

  CONFIG_FILES    = 
  CONFIG_HEADERS  = 
  CONFIG_LINKS    = 
  CONFIG_COMMANDS = 
  $ ./config.status util_comm/include/Makefile

on bgwfen1

config.status:733: creating util_comm/include/Makefile

## ---------------------- ##
## Running config.status. ##
## ---------------------- ##

This file was extended by pk config.status 1.0, which was
generated by GNU Autoconf 2.59.  Invocation command line was

  CONFIG_FILES    = 
  CONFIG_HEADERS  = 
  CONFIG_LINKS    = 
  CONFIG_COMMANDS = 
  $ ./config.status util_cpp/Makefile

on bgwfen1

config.status:733: creating util_cpp/Makefile

## ---------------------- ##
## Running config.status. ##
## ---------------------- ##

This file was extended by pk config.status 1.0, which was
generated by GNU Autoconf 2.59.  Invocation command line was

  CONFIG_FILES    = 
  CONFIG_HEADERS  = 
  CONFIG_LINKS    = 
  CONFIG_COMMANDS = 
  $ ./config.status util_cpp/include/Makefile

on bgwfen1

config.status:733: creating util_cpp/include/Makefile

## ---------------------- ##
## Running config.status. ##
## ---------------------- ##

This file was extended by pk config.status 1.0, which was
generated by GNU Autoconf 2.59.  Invocation command line was

  CONFIG_FILES    = 
  CONFIG_HEADERS  = 
  CONFIG_LINKS    = 
  CONFIG_COMMANDS = 
  $ ./config.status throbber/Makefile

on bgwfen1

config.status:733: creating throbber/Makefile

## ---------------------- ##
## Running config.status. ##
## ---------------------- ##

This file was extended by pk config.status 1.0, which was
generated by GNU Autoconf 2.59.  Invocation command line was

  CONFIG_FILES    = 
  CONFIG_HEADERS  = 
  CONFIG_LINKS    = 
  CONFIG_COMMANDS = 
  $ ./config.status throbber/src/Makefile

on bgwfen1

config.status:733: creating throbber/src/Makefile

## ---------------------- ##
## Running config.status. ##
## ---------------------- ##

This file was extended by pk config.status 1.0, which was
generated by GNU Autoconf 2.59.  Invocation command line was

  CONFIG_FILES    = 
  CONFIG_HEADERS  = 
  CONFIG_LINKS    = 
  CONFIG_COMMANDS = 
  $ ./config.status a2a/Makefile

on bgwfen1

config.status:733: creating a2a/Makefile

## ---------------------- ##
## Running config.status. ##
## ---------------------- ##

This file was extended by pk config.status 1.0, which was
generated by GNU Autoconf 2.59.  Invocation command line was

  CONFIG_FILES    = 
  CONFIG_HEADERS  = 
  CONFIG_LINKS    = 
  CONFIG_COMMANDS = 
  $ ./config.status a2a/include/Makefile

on bgwfen1

config.status:733: creating a2a/include/Makefile

## ---------------------- ##
## Running config.status. ##
## ---------------------- ##

This file was extended by pk config.status 1.0, which was
generated by GNU Autoconf 2.59.  Invocation command line was

  CONFIG_FILES    = 
  CONFIG_HEADERS  = 
  CONFIG_LINKS    = 
  CONFIG_COMMANDS = 
  $ ./config.status a2a/src/Makefile

on bgwfen1

config.status:733: creating a2a/src/Makefile
