 Entering IMPACT execution environment 
 Date: Monday, November 27 2000, at 15:17:08 EST
 ---------------------------------------------------------------------------
 IMPACT Version 15003
 For hardware platform rs6000-ibm-aix4.1.4.0
 Compiled on: Mon Nov 27 15:02:03 EST 2000
 Host: AIX watpub 3 4 000144508100

 This software is provided under license and may be 
 used, copied, transmitted, and stored only in accordance
 with the terms and conditions that license.
 ---------------------------------------------------------------------------

 Job title:        OPLS-AA parameters
 Main output file: oplsprm.out

                             - Input command file -
 ---------------------------------------------------------------------------
!! TITLE OPLS-AA parameters

WRITE verbose 4 file oplsprm.out -
   title OPLS-AA parameters  *

CREATE
   build primary name prot type ligand read file myprot.pdb noauto
   read coordinates name prot file myprot.pdb
QUIT

SETMODEL
  setpotential
    mmechanic
  quit
  read parm file paramstd.dat noprint
  energy parm cutoff 99.0 listupdate 1000000 diel 1.0 nodist
QUIT

MINM
  input cntl mxcyc 0 rmscut .05 deltae .001
  conjugate dx0 0.1 dxm 1.0 rest 50
  run
QUIT

END



 ---------------------------------------------------------------------------

                             - End of input file -


 ---------------------------------
 Beginning IMPACT task: CREA
 Beginning CREATE subtask BUIL                                                  
%IMPACT-I(newreslig): Input template file is a PDB file
%IMPACT-I(newreslig): build template for this molecule 
 IMPACT-I(atomtype): OPLSAA version 1999 is used 


***********  ATOM TYPE RECOGNITION  **************


ATOMTYPE RECOGNITION FOR MOLECULE: myprot 

  N1        0.15800   -0.10000   -0.31400
  H2       -0.06600    0.19300   -1.25300
  H3       -0.29200    0.48000    0.37400
  H4       -0.12800   -1.06900   -0.24900
  C5        1.62600   -0.10400   -0.19000
  H6        2.00000    0.88100   -0.47700
  C7        2.05200   -0.42900    1.26400
  H8        1.75300   -1.44600    1.52800
  H9        1.53300    0.22400    1.96700
  C10       3.53600   -0.27400    1.53400
  C11       4.36300   -1.41400    1.65200
  H12       3.95300   -2.41000    1.57900
  C13       5.75000   -1.26800    1.84600
  H14       6.37200   -2.15000    1.91900
  C15       6.31600    0.01900    1.93200
  O16       7.65600    0.18300    2.11500
  H17       8.17000   -0.60700    2.03800
  C18       5.49400    1.15600    1.82500
  H19       5.93700    2.13900    1.88800
  C20       4.10800    1.01300    1.62600
  H21       3.50100    1.90200    1.54100
  C22       2.14800   -1.14200   -1.18800
  O23       1.34500   -1.92900   -1.68500
  N24       3.44500   -1.14600   -1.47700
  H25       4.09800   -0.49900   -1.03800
  C26       4.12100   -2.07800   -2.36200
  H27       3.69700   -2.03500   -3.36600
  H28       4.01900   -3.09700   -1.98600
  C29       5.59500   -1.67900   -2.40000
  O30       5.97600   -0.68400   -1.78200
  N31       6.41200   -2.44200   -3.11800
  H32       6.06600   -3.22700   -3.65800
  C33       7.81700   -2.16300   -3.35800
  H34       8.41000   -2.48100   -2.50000
  H35       7.98300   -1.09400   -3.50700
  C36       8.24500   -2.93300   -4.60600
  O37       7.47500   -3.74700   -5.12000
  N38       9.45800   -2.67200   -5.08500
  H39      10.07900   -2.02700   -4.60900
  C40      10.11900   -3.33700   -6.20100
  H41       9.91500   -4.40800   -6.15700
  C42       9.60400   -2.72200   -7.52900
  H43       9.77200   -1.64500   -7.50500
  H44       8.52400   -2.85500   -7.59600
  C45      10.18200   -3.26400   -8.82900
  C46      10.51100   -2.37200   -9.87400
  H47      10.36800   -1.30900   -9.75000
  C48      11.04700   -2.85400  -11.08300
  H49      11.31300   -2.16600  -11.87000
  C50      11.26900   -4.23300  -11.25400
  H51      11.70900   -4.60400  -12.16700
  C52      10.94600   -5.12700  -10.21600
  H53      11.15600   -6.18200  -10.32700
  C54      10.39400   -4.64800   -9.01300
  H55      10.17700   -5.35800   -8.22900
  C56      11.61800   -3.09100   -5.97700
  O57      11.98500   -2.08900   -5.35300
  N58      12.45900   -4.00600   -6.44600
  H59      12.16300   -4.78300   -7.04100
  C60      13.90600   -3.99900   -6.46200
  H61      14.26600   -3.01600   -6.76600
  C62      14.46500   -4.39400   -5.07500
  H63      14.08400   -5.37800   -4.79800
  H64      14.09400   -3.69200   -4.32800
  C65      16.00100   -4.41500   -5.00800
  H66      16.39900   -3.46400   -5.36300
  H67      16.38800   -5.17900   -5.68300
  S68      16.67400   -4.74200   -3.35200
  C69      18.41700   -4.98300   -3.78700
  H70      18.82400   -4.08500   -4.25200
  H71      19.00100   -5.20900   -2.89500
  H72      18.52100   -5.81300   -4.48700
  C73      14.26100   -5.01900   -7.55600
  O74      13.37800   -5.86500   -7.85000
  O75      15.39200   -4.93600   -8.07100



Adjusting done: everyone is happy in connection table!

Finish building connection table 

Bond 15 - 18 is a ring closure bond 
Bond 50 - 52 is a ring closure bond 
===========================================================
SSSR Ring  1 = [  C18  C20  C10  C11  C13  C15]
SSSR Ring  2 = [  C52  C54  C45  C46  C48  C50]
===========================================================

Finish SSSR Searching 

===========================================================
Aromatic Ring  1 = [  C18  C20  C10  C11  C13  C15]
Aromatic Ring  2 = [  C52  C54  C45  C46  C48  C50]
===========================================================

Finish Aromatic Rings 

Ion NH3+ found near atom    1

Ion COO- found near atom   73

Atom Connection Table with Bond Order:
==========================================================
 No. NAME  ATOM1   ATOM2   ATOM3   ATOM4   ATOM5   ATOM6
==========================================================
   1    N     2 1     3 1     4 1     5 1     0 0     0 0 
   2    H     1 1     0 0     0 0     0 0     0 0     0 0 
   3    H     1 1     0 0     0 0     0 0     0 0     0 0 
   4    H     1 1     0 0     0 0     0 0     0 0     0 0 
   5    C     1 1     6 1     7 1    22 1     0 0     0 0 
   6    H     5 1     0 0     0 0     0 0     0 0     0 0 
   7    C     5 1     8 1     9 1    10 1     0 0     0 0 
   8    H     7 1     0 0     0 0     0 0     0 0     0 0 
   9    H     7 1     0 0     0 0     0 0     0 0     0 0 
  10    C     7 1    11 2    20 1     0 0     0 0     0 0 
  11    C    10 2    12 1    13 1     0 0     0 0     0 0 
  12    H    11 1     0 0     0 0     0 0     0 0     0 0 
  13    C    11 1    14 1    15 2     0 0     0 0     0 0 
  14    H    13 1     0 0     0 0     0 0     0 0     0 0 
  15    C    13 2    16 1    18 1     0 0     0 0     0 0 
  16    O    15 1    17 1     0 0     0 0     0 0     0 0 
  17    H    16 1     0 0     0 0     0 0     0 0     0 0 
  18    C    15 1    19 1    20 2     0 0     0 0     0 0 
  19    H    18 1     0 0     0 0     0 0     0 0     0 0 
  20    C    10 1    18 2    21 1     0 0     0 0     0 0 
  21    H    20 1     0 0     0 0     0 0     0 0     0 0 
  22    C     5 1    23 2    24 1     0 0     0 0     0 0 
  23    O    22 2     0 0     0 0     0 0     0 0     0 0 
  24    N    22 1    25 1    26 1     0 0     0 0     0 0 
  25    H    24 1     0 0     0 0     0 0     0 0     0 0 
  26    C    24 1    27 1    28 1    29 1     0 0     0 0 
  27    H    26 1     0 0     0 0     0 0     0 0     0 0 
  28    H    26 1     0 0     0 0     0 0     0 0     0 0 
  29    C    26 1    30 2    31 1     0 0     0 0     0 0 
  30    O    29 2     0 0     0 0     0 0     0 0     0 0 
  31    N    29 1    32 1    33 1     0 0     0 0     0 0 
  32    H    31 1     0 0     0 0     0 0     0 0     0 0 
  33    C    31 1    34 1    35 1    36 1     0 0     0 0 
  34    H    33 1     0 0     0 0     0 0     0 0     0 0 
  35    H    33 1     0 0     0 0     0 0     0 0     0 0 
  36    C    33 1    37 2    38 1     0 0     0 0     0 0 
  37    O    36 2     0 0     0 0     0 0     0 0     0 0 
  38    N    36 1    39 1    40 1     0 0     0 0     0 0 
  39    H    38 1     0 0     0 0     0 0     0 0     0 0 
  40    C    38 1    41 1    42 1    56 1     0 0     0 0 
  41    H    40 1     0 0     0 0     0 0     0 0     0 0 
  42    C    40 1    43 1    44 1    45 1     0 0     0 0 
  43    H    42 1     0 0     0 0     0 0     0 0     0 0 
  44    H    42 1     0 0     0 0     0 0     0 0     0 0 
  45    C    42 1    46 2    54 1     0 0     0 0     0 0 
  46    C    45 2    47 1    48 1     0 0     0 0     0 0 
  47    H    46 1     0 0     0 0     0 0     0 0     0 0 
  48    C    46 1    49 1    50 2     0 0     0 0     0 0 
  49    H    48 1     0 0     0 0     0 0     0 0     0 0 
  50    C    48 2    51 1    52 1     0 0     0 0     0 0 
  51    H    50 1     0 0     0 0     0 0     0 0     0 0 
  52    C    50 1    53 1    54 2     0 0     0 0     0 0 
  53    H    52 1     0 0     0 0     0 0     0 0     0 0 
  54    C    45 1    52 2    55 1     0 0     0 0     0 0 
  55    H    54 1     0 0     0 0     0 0     0 0     0 0 
  56    C    40 1    57 2    58 1     0 0     0 0     0 0 
  57    O    56 2     0 0     0 0     0 0     0 0     0 0 
  58    N    56 1    59 1    60 1     0 0     0 0     0 0 
  59    H    58 1     0 0     0 0     0 0     0 0     0 0 
  60    C    58 1    61 1    62 1    73 1     0 0     0 0 
  61    H    60 1     0 0     0 0     0 0     0 0     0 0 
  62    C    60 1    63 1    64 1    65 1     0 0     0 0 
  63    H    62 1     0 0     0 0     0 0     0 0     0 0 
  64    H    62 1     0 0     0 0     0 0     0 0     0 0 
  65    C    62 1    66 1    67 1    68 1     0 0     0 0 
  66    H    65 1     0 0     0 0     0 0     0 0     0 0 
  67    H    65 1     0 0     0 0     0 0     0 0     0 0 
  68    S    65 1    69 1     0 0     0 0     0 0     0 0 
  69    C    68 1    70 1    71 1    72 1     0 0     0 0 
  70    H    69 1     0 0     0 0     0 0     0 0     0 0 
  71    H    69 1     0 0     0 0     0 0     0 0     0 0 
  72    H    69 1     0 0     0 0     0 0     0 0     0 0 
  73    C    60 1    74 1    75 2     0 0     0 0     0 0 
  74    O    73 1     0 0     0 0     0 0     0 0     0 0 
  75    O    73 2     0 0     0 0     0 0     0 0     0 0 
==========================================================


Finish assigning bond order 


Found total 902 Functional Groups in FG_hash.tbl

Ring Atom Types
=====================================================
Income ringCode: C=C-C=C-C=C-        

  Matched basic ring name:   benzene 

Income ringCode: C=C-C=C-C=C-        

  Matched basic ring name:   benzene 

Ordered ring atom:
  C18
  C20
  C10
  C11
  C13
  C15


Found substituted benzene at atom C15:  -OH 
Ordered ring atom:
  C52
  C54
  C45
  C46
  C48
  C50


=====================================================

Chain Atom Types
=====================================================
Normal: no unknown FG detected
=====================================================

Total charge of the molecule equals formal charges

OPLSAA FORCE FIELD TYPE ASSIGNED
============================================================
 atom     type  symbol    charge   sigma    epsilon  quality
------------------------------------------------------------
  N1      287    N3      -0.3000   3.2500   0.1700     high
  H2      290    H3       0.3300   0.0000   0.0000     high
  H3      290    H3       0.3300   0.0000   0.0000     high
  H4      290    H3       0.3300   0.0000   0.0000     high
  C5      293    CT1      0.2500   3.5000   0.0660     high
  H6      140    HC       0.0600   2.5000   0.0300     high
  C7      149    CT      -0.0050   3.5000   0.0660     high
  H8      140    HC       0.0600   2.5000   0.0300     high
  H9      140    HC       0.0600   2.5000   0.0300     high
  C10     145    CA      -0.1150   3.5500   0.0700     high
  C11     145    CA      -0.1150   3.5500   0.0700     high
  H12     146    HA       0.1150   2.4200   0.0300     high
  C13     145    CA      -0.1150   3.5500   0.0700     high
  H14     146    HA       0.1150   2.4200   0.0300     high
  C15     166    CA       0.1500   3.5500   0.0700     high
  O16     167    OY1     -0.5850   3.0700   0.1700     high
  H17     168    HO       0.4350   0.0000   0.0000     high
  C18     145    CA      -0.1150   3.5500   0.0700     high
  H19     146    HA       0.1150   2.4200   0.0300     high
  C20     145    CA      -0.1150   3.5500   0.0700     high
  H21     146    HA       0.1150   2.4200   0.0300     high
  C22     235    C        0.5000   3.7500   0.1050     high
  O23     236    O       -0.5000   2.9600   0.2100     high
  N24     238    N       -0.5000   3.2500   0.1700     high
  H25     241    H        0.3000   0.0000   0.0000     high
  C26     223    CT1      0.0800   3.5000   0.0660     high
  H27     140    HC       0.0600   2.5000   0.0300     high
  H28     140    HC       0.0600   2.5000   0.0300     high
  C29     235    C        0.5000   3.7500   0.1050     high
  O30     236    O       -0.5000   2.9600   0.2100     high
  N31     238    N       -0.5000   3.2500   0.1700     high
  H32     241    H        0.3000   0.0000   0.0000     high
  C33     223    CT1      0.0800   3.5000   0.0660     high
  H34     140    HC       0.0600   2.5000   0.0300     high
  H35     140    HC       0.0600   2.5000   0.0300     high
  C36     235    C        0.5000   3.7500   0.1050     high
  O37     236    O       -0.5000   2.9600   0.2100     high
  N38     238    N       -0.5000   3.2500   0.1700     high
  H39     241    H        0.3000   0.0000   0.0000     high
  C40     224    CT1      0.1400   3.5000   0.0660     high
  H41     140    HC       0.0600   2.5000   0.0300     high
  C42     149    CT      -0.0050   3.5000   0.0660     high
  H43     140    HC       0.0600   2.5000   0.0300     high
  H44     140    HC       0.0600   2.5000   0.0300     high
  C45     145    CA      -0.1150   3.5500   0.0700     high
  C46     145    CA      -0.1150   3.5500   0.0700     high
  H47     146    HA       0.1150   2.4200   0.0300     high
  C48     145    CA      -0.1150   3.5500   0.0700     high
  H49     146    HA       0.1150   2.4200   0.0300     high
  C50     145    CA      -0.1150   3.5500   0.0700     high
  H51     146    HA       0.1150   2.4200   0.0300     high
  C52     145    CA      -0.1150   3.5500   0.0700     high
  H53     146    HA       0.1150   2.4200   0.0300     high
  C54     145    CA      -0.1150   3.5500   0.0700     high
  H55     146    HA       0.1150   2.4200   0.0300     high
  C56     235    C        0.5000   3.7500   0.1050     high
  O57     236    O       -0.5000   2.9600   0.2100     high
  N58     238    N       -0.5000   3.2500   0.1700     high
  H59     241    H        0.3000   0.0000   0.0000     high
  C60     283    CT1      0.0400   3.5000   0.0660     high
  H61     140    HC       0.0600   2.5000   0.0300     high
  C62     136    CT      -0.1200   3.5000   0.0660     high
  H63     140    HC       0.0600   2.5000   0.0300     high
  H64     140    HC       0.0600   2.5000   0.0300     high
  C65     210    CT       0.0475   3.5000   0.0660     high
  H66     140    HC       0.0600   2.5000   0.0300     high
  H67     140    HC       0.0600   2.5000   0.0300     high
  S68     202    S       -0.3350   3.6000   0.3550     high
  C69     209    CT      -0.0125   3.5000   0.0660     high
  H70     140    HC       0.0600   2.5000   0.0300     high
  H71     140    HC       0.0600   2.5000   0.0300     high
  H72     140    HC       0.0600   2.5000   0.0300     high
  C73     271    C        0.7000   3.7500   0.1050     high
  O74     272    O2      -0.8000   2.9600   0.2100     high
  O75     272    O2      -0.8000   2.9600   0.2100     high
------------------------------------------------------------


Finish assigning OPLSAA atom types 

Found 324 stretch, 972 bend, 1077 proper and 94 improper torsions in database

Stretch List:  total 76 stretches in molecule

 Stretch            k        r0    quality

 N1      H2      434.00000    1.01000   high 
 N1      H3      434.00000    1.01000   high 
 N1      H4      434.00000    1.01000   high 
 N1      C5      367.00000    1.47100   high 
 C5      H6      340.00000    1.09000   high 
 C5      C7      268.00000    1.52900   high 
 C5      C22     317.00000    1.52200   high 
 C7      H8      340.00000    1.09000   high 
 C7      H9      340.00000    1.09000   high 
 C7      C10     317.00000    1.51000   high 
 C10     C11     469.00000    1.40000   high 
 C10     C20     469.00000    1.40000   high 
 C11     H12     367.00000    1.08000   high 
 C11     C13     469.00000    1.40000   high 
 C13     H14     367.00000    1.08000   high 
 C13     C15     469.00000    1.40000   high 
 C15     O16     450.00000    1.36400   high 
 C15     C18     469.00000    1.40000   high 
 O16     H17     553.00000    0.94500   high 
 C18     H19     367.00000    1.08000   high 
 C18     C20     469.00000    1.40000   high 
 C20     H21     367.00000    1.08000   high 
 C22     O23     570.00000    1.22900   high 
 C22     N24     490.00000    1.33500   high 
 N24     H25     434.00000    1.01000   high 
 N24     C26     337.00000    1.44900   high 
 C26     H27     340.00000    1.09000   high 
 C26     H28     340.00000    1.09000   high 
 C26     C29     317.00000    1.52200   high 
 C29     O30     570.00000    1.22900   high 
 C29     N31     490.00000    1.33500   high 
 N31     H32     434.00000    1.01000   high 
 N31     C33     337.00000    1.44900   high 
 C33     H34     340.00000    1.09000   high 
 C33     H35     340.00000    1.09000   high 
 C33     C36     317.00000    1.52200   high 
 C36     O37     570.00000    1.22900   high 
 C36     N38     490.00000    1.33500   high 
 N38     H39     434.00000    1.01000   high 
 N38     C40     337.00000    1.44900   high 
 C40     H41     340.00000    1.09000   high 
 C40     C42     268.00000    1.52900   high 
 C40     C56     317.00000    1.52200   high 
 C42     H43     340.00000    1.09000   high 
 C42     H44     340.00000    1.09000   high 
 C42     C45     317.00000    1.51000   high 
 C45     C46     469.00000    1.40000   high 
 C45     C54     469.00000    1.40000   high 
 C46     H47     367.00000    1.08000   high 
 C46     C48     469.00000    1.40000   high 
 C48     H49     367.00000    1.08000   high 
 C48     C50     469.00000    1.40000   high 
 C50     H51     367.00000    1.08000   high 
 C50     C52     469.00000    1.40000   high 
 C52     H53     367.00000    1.08000   high 
 C52     C54     469.00000    1.40000   high 
 C54     H55     367.00000    1.08000   high 
 C56     O57     570.00000    1.22900   high 
 C56     N58     490.00000    1.33500   high 
 N58     H59     434.00000    1.01000   high 
 N58     C60     337.00000    1.44900   high 
 C60     H61     340.00000    1.09000   high 
 C60     C62     268.00000    1.52900   high 
 C60     C73     317.00000    1.52200   high 
 C62     H63     340.00000    1.09000   high 
 C62     H64     340.00000    1.09000   high 
 C62     C65     268.00000    1.52900   high 
 C65     H66     340.00000    1.09000   high 
 C65     H67     340.00000    1.09000   high 
 C65     S68     222.00000    1.81000   high 
 S68     C69     222.00000    1.81000   high 
 C69     H70     340.00000    1.09000   high 
 C69     H71     340.00000    1.09000   high 
 C69     H72     340.00000    1.09000   high 
 C73     O74     656.00000    1.25000   high 
 C73     O75     656.00000    1.25000   high 

Bending List:  total 131 bendings in molecule

 Bending                      k       theta0    quality

 N1      C5      H6        35.00000  109.50000   high 
 N1      C5      C7        80.00000  111.20000   high 
 N1      C5      C22       80.00000  111.20000   high 
 H3      N1      H2        35.00000  109.50000   high 
 H4      N1      H2        35.00000  109.50000   high 
 H4      N1      H3        35.00000  109.50000   high 
 C5      N1      H2        35.00000  109.50000   high 
 C5      N1      H3        35.00000  109.50000   high 
 C5      N1      H4        35.00000  109.50000   high 
 C5      C7      H8        37.50000  110.70000   high 
 C5      C7      H9        37.50000  110.70000   high 
 C5      C7      C10       63.00000  114.00000   high 
 C5      C22     O23       80.00000  120.40000   high 
 C5      C22     N24       70.00000  116.60000   high 
 C7      C5      H6        37.50000  110.70000   high 
 C7      C10     C11       70.00000  120.00000   high 
 C7      C10     C20       70.00000  120.00000   high 
 H9      C7      H8        33.00000  107.80000   high 
 C10     C7      H8        35.00000  109.50000   high 
 C10     C7      H9        35.00000  109.50000   high 
 C10     C11     H12       35.00000  120.00000   high 
 C10     C11     C13       63.00000  120.00000   high 
 C10     C20     C18       63.00000  120.00000   high 
 C10     C20     H21       35.00000  120.00000   high 
 C11     C13     H14       35.00000  120.00000   high 
 C11     C13     C15       63.00000  120.00000   high 
 C13     C11     H12       35.00000  120.00000   high 
 C13     C15     O16       70.00000  120.00000   high 
 C13     C15     C18       63.00000  120.00000   high 
 C15     C13     H14       35.00000  120.00000   high 
 C15     O16     H17       35.00000  113.00000   high 
 C15     C18     H19       35.00000  120.00000   high 
 C15     C18     C20       63.00000  120.00000   high 
 C18     C15     O16       70.00000  120.00000   high 
 C18     C20     H21       35.00000  120.00000   high 
 C20     C10     C11       63.00000  120.00000   high 
 C20     C18     H19       35.00000  120.00000   high 
 C22     C5      H6        35.00000  109.50000   high 
 C22     C5      C7        63.00000  111.10000   high 
 C22     N24     H25       35.00000  119.80000   high 
 C22     N24     C26       50.00000  121.90000   high 
 N24     C22     O23       80.00000  122.90000   high 
 N24     C26     H27       35.00000  109.50000   high 
 N24     C26     H28       35.00000  109.50000   high 
 N24     C26     C29       63.00000  110.10000   high 
 C26     N24     H25       38.00000  118.40000   high 
 C26     C29     O30       80.00000  120.40000   high 
 C26     C29     N31       70.00000  116.60000   high 
 H28     C26     H27       33.00000  107.80000   high 
 C29     C26     H27       35.00000  109.50000   high 
 C29     C26     H28       35.00000  109.50000   high 
 C29     N31     H32       35.00000  119.80000   high 
 C29     N31     C33       50.00000  121.90000   high 
 N31     C29     O30       80.00000  122.90000   high 
 N31     C33     H34       35.00000  109.50000   high 
 N31     C33     H35       35.00000  109.50000   high 
 N31     C33     C36       63.00000  110.10000   high 
 C33     N31     H32       38.00000  118.40000   high 
 C33     C36     O37       80.00000  120.40000   high 
 C33     C36     N38       70.00000  116.60000   high 
 H35     C33     H34       33.00000  107.80000   high 
 C36     C33     H34       35.00000  109.50000   high 
 C36     C33     H35       35.00000  109.50000   high 
 C36     N38     H39       35.00000  119.80000   high 
 C36     N38     C40       50.00000  121.90000   high 
 N38     C36     O37       80.00000  122.90000   high 
 N38     C40     H41       35.00000  109.50000   high 
 N38     C40     C42       80.00000  109.70000   high 
 N38     C40     C56       63.00000  110.10000   high 
 C40     N38     H39       38.00000  118.40000   high 
 C40     C42     H43       37.50000  110.70000   high 
 C40     C42     H44       37.50000  110.70000   high 
 C40     C42     C45       63.00000  114.00000   high 
 C40     C56     O57       80.00000  120.40000   high 
 C40     C56     N58       70.00000  116.60000   high 
 C42     C40     H41       37.50000  110.70000   high 
 C42     C45     C46       70.00000  120.00000   high 
 C42     C45     C54       70.00000  120.00000   high 
 H44     C42     H43       33.00000  107.80000   high 
 C45     C42     H43       35.00000  109.50000   high 
 C45     C42     H44       35.00000  109.50000   high 
 C45     C46     H47       35.00000  120.00000   high 
 C45     C46     C48       63.00000  120.00000   high 
 C45     C54     C52       63.00000  120.00000   high 
 C45     C54     H55       35.00000  120.00000   high 
 C46     C48     H49       35.00000  120.00000   high 
 C46     C48     C50       63.00000  120.00000   high 
 C48     C46     H47       35.00000  120.00000   high 
 C48     C50     H51       35.00000  120.00000   high 
 C48     C50     C52       63.00000  120.00000   high 
 C50     C48     H49       35.00000  120.00000   high 
 C50     C52     H53       35.00000  120.00000   high 
 C50     C52     C54       63.00000  120.00000   high 
 C52     C50     H51       35.00000  120.00000   high 
 C52     C54     H55       35.00000  120.00000   high 
 C54     C45     C46       63.00000  120.00000   high 
 C54     C52     H53       35.00000  120.00000   high 
 C56     C40     H41       35.00000  109.50000   high 
 C56     C40     C42       63.00000  111.10000   high 
 C56     N58     H59       35.00000  119.80000   high 
 C56     N58     C60       50.00000  121.90000   high 
 N58     C56     O57       80.00000  122.90000   high 
 N58     C60     H61       35.00000  109.50000   high 
 N58     C60     C62       80.00000  109.70000   high 
 N58     C60     C73       63.00000  110.10000   high 
 C60     N58     H59       38.00000  118.40000   high 
 C60     C62     H63       37.50000  110.70000   high 
 C60     C62     H64       37.50000  110.70000   high 
 C60     C62     C65       58.35000  112.70000   high 
 C60     C73     O74       70.00000  117.00000   high 
 C60     C73     O75       70.00000  117.00000   high 
 C62     C60     H61       37.50000  110.70000   high 
 C62     C65     H66       37.50000  110.70000   high 
 C62     C65     H67       37.50000  110.70000   high 
 C62     C65     S68       50.00000  114.70000   high 
 H64     C62     H63       33.00000  107.80000   high 
 C65     C62     H63       37.50000  110.70000   high 
 C65     C62     H64       37.50000  110.70000   high 
 C65     S68     C69       62.00000   98.90000   high 
 H67     C65     H66       33.00000  107.80000   high 
 S68     C65     H66       35.00000  109.50000   high 
 S68     C65     H67       35.00000  109.50000   high 
 S68     C69     H70       35.00000  109.50000   high 
 S68     C69     H71       35.00000  109.50000   high 
 S68     C69     H72       35.00000  109.50000   high 
 H71     C69     H70       33.00000  107.80000   high 
 H72     C69     H70       33.00000  107.80000   high 
 H72     C69     H71       33.00000  107.80000   high 
 C73     C60     H61       35.00000  109.50000   high 
 C73     C60     C62       63.00000  111.10000   high 
 O75     C73     O74       80.00000  126.00000   high 

Torsion List:  total 204 with 183 proper and 21 improper torsions in molecule

 Torsion                             V0       V1       V2        V3    quality

 N1      C5      C7      H8         0.00000    0.00000    0.00000    0.46400   high 
 N1      C5      C7      H9         0.00000    0.00000    0.00000    0.46400   high 
 N1      C5      C7      C10        0.00000    0.84500   -0.96200    0.71300   high 
 N1      C5      C22     O23        0.00000    0.00000    0.00000    0.00000   high 
 N1      C5      C22     N24        0.00000    1.81600    1.22200    1.58100   high 
 H2      N1      C5      H6         0.00000    0.00000    0.00000    0.26100   high 
 H2      N1      C5      C7         0.00000    0.00000    0.00000    0.34700   high 
 H2      N1      C5      C22        0.00000    0.00000    0.00000    0.34700   high 
 H3      N1      C5      H6         0.00000    0.00000    0.00000    0.26100   high 
 H3      N1      C5      C7         0.00000    0.00000    0.00000    0.34700   high 
 H3      N1      C5      C22        0.00000    0.00000    0.00000    0.34700   high 
 H4      N1      C5      H6         0.00000    0.00000    0.00000    0.26100   high 
 H4      N1      C5      C7         0.00000    0.00000    0.00000    0.34700   high 
 H4      N1      C5      C22        0.00000    0.00000    0.00000    0.34700   high 
 C5      C7      C10     C11        0.00000    0.00000    0.00000    0.00000   high 
 C5      C7      C10     C20        0.00000    0.00000    0.00000    0.00000   high 
 C5      C22     N24     H25        0.00000    0.00000    4.90000    0.00000   high 
 C5      C22     N24     C26        0.00000    2.30000    6.08900    0.00000   high 
 H6      C5      C7      H8         0.00000    0.00000    0.00000    0.30000   high 
 H6      C5      C7      H9         0.00000    0.00000    0.00000    0.30000   high 
 H6      C5      C7      C10        0.00000    0.00000    0.00000    0.46200   high 
 H6      C5      C22     O23        0.00000    0.00000    0.00000    0.00000   high 
 H6      C5      C22     N24        0.00000    0.00000    0.00000    0.00000   high 
 C7      C5      C22     O23        0.00000    0.00000    0.00000    0.00000   high 
 C7      C5      C22     N24        0.00000    1.17300    0.18900   -1.20000   high 
 C7      C10     C11     H12        0.00000    0.00000    7.25000    0.00000   high 
 C7      C10     C11     C13        0.00000    0.00000    7.25000    0.00000   high 
 C7      C10     C20     C18        0.00000    0.00000    7.25000    0.00000   high 
 C7      C10     C20     H21        0.00000    0.00000    7.25000    0.00000   high 
 H8      C7      C10     C11        0.00000    0.00000    0.00000    0.00000   high 
 H8      C7      C10     C20        0.00000    0.00000    0.00000    0.00000   high 
 H9      C7      C10     C11        0.00000    0.00000    0.00000    0.00000   high 
 H9      C7      C10     C20        0.00000    0.00000    0.00000    0.00000   high 
 C10     C11     C13     H14        0.00000    0.00000    7.25000    0.00000   high 
 C10     C11     C13     C15        0.00000    0.00000    7.25000    0.00000   high 
 C11     C10     C20     C18        0.00000    0.00000    7.25000    0.00000   high 
 C11     C10     C20     H21        0.00000    0.00000    7.25000    0.00000   high 
 C11     C13     C15     O16        0.00000    0.00000    7.25000    0.00000   high 
 C11     C13     C15     C18        0.00000    0.00000    7.25000    0.00000   high 
 H12     C11     C13     H14        0.00000    0.00000    7.25000    0.00000   high 
 H12     C11     C13     C15        0.00000    0.00000    7.25000    0.00000   high 
 C13     C15     O16     H17        0.00000    0.00000    1.68200    0.00000   high 
 C13     C15     C18     H19        0.00000    0.00000    7.25000    0.00000   high 
 C13     C15     C18     C20        0.00000    0.00000    7.25000    0.00000   high 
 H14     C13     C15     O16        0.00000    0.00000    7.25000    0.00000   high 
 H14     C13     C15     C18        0.00000    0.00000    7.25000    0.00000   high 
 C15     C18     C20     C10        0.00000    0.00000    7.25000    0.00000   high 
 C15     C18     C20     H21        0.00000    0.00000    7.25000    0.00000   high 
 O16     C15     C18     H19        0.00000    0.00000    7.25000    0.00000   high 
 O16     C15     C18     C20        0.00000    0.00000    7.25000    0.00000   high 
 C18     C15     O16     H17        0.00000    0.00000    1.68200    0.00000   high 
 H19     C18     C20     C10        0.00000    0.00000    7.25000    0.00000   high 
 H19     C18     C20     H21        0.00000    0.00000    7.25000    0.00000   high 
 C20     C10     C11     H12        0.00000    0.00000    7.25000    0.00000   high 
 C20     C10     C11     C13        0.00000    0.00000    7.25000    0.00000   high 
 C22     C5      C7      H8         0.00000    0.00000    0.00000   -0.07600   high 
 C22     C5      C7      H9         0.00000    0.00000    0.00000   -0.07600   high 
 C22     C5      C7      C10        0.00000   -1.69700   -0.45600    0.58500   high 
 C22     N24     C26     H27        0.00000    0.00000    0.00000    0.00000   high 
 C22     N24     C26     H28        0.00000    0.00000    0.00000    0.00000   high 
 C22     N24     C26     C29        0.00000   -2.36500    0.91200   -0.85000   high 
 O23     C22     N24     H25        0.00000    0.00000    4.90000    0.00000   high 
 O23     C22     N24     C26        0.00000    0.00000    6.08900    0.00000   high 
 N24     C26     C29     O30        0.00000    0.00000    0.00000    0.00000   high 
 N24     C26     C29     N31        0.00000    1.81600    1.22200    1.58100   high 
 H25     N24     C26     H27        0.00000    0.00000    0.00000    0.00000   high 
 H25     N24     C26     H28        0.00000    0.00000    0.00000    0.00000   high 
 H25     N24     C26     C29        0.00000    0.00000    0.00000    0.00000   high 
 C26     C29     N31     H32        0.00000    0.00000    4.90000    0.00000   high 
 C26     C29     N31     C33        0.00000    2.30000    6.08900    0.00000   high 
 H27     C26     C29     O30        0.00000    0.00000    0.00000    0.00000   high 
 H27     C26     C29     N31        0.00000    0.00000    0.00000    0.00000   high 
 H28     C26     C29     O30        0.00000    0.00000    0.00000    0.00000   high 
 H28     C26     C29     N31        0.00000    0.00000    0.00000    0.00000   high 
 C29     N31     C33     H34        0.00000    0.00000    0.00000    0.00000   high 
 C29     N31     C33     H35        0.00000    0.00000    0.00000    0.00000   high 
 C29     N31     C33     C36        0.00000   -2.36500    0.91200   -0.85000   high 
 O30     C29     N31     H32        0.00000    0.00000    4.90000    0.00000   high 
 O30     C29     N31     C33        0.00000    0.00000    6.08900    0.00000   high 
 N31     C33     C36     O37        0.00000    0.00000    0.00000    0.00000   high 
 N31     C33     C36     N38        0.00000    1.81600    1.22200    1.58100   high 
 H32     N31     C33     H34        0.00000    0.00000    0.00000    0.00000   high 
 H32     N31     C33     H35        0.00000    0.00000    0.00000    0.00000   high 
 H32     N31     C33     C36        0.00000    0.00000    0.00000    0.00000   high 
 C33     C36     N38     H39        0.00000    0.00000    4.90000    0.00000   high 
 C33     C36     N38     C40        0.00000    2.30000    6.08900    0.00000   high 
 H34     C33     C36     O37        0.00000    0.00000    0.00000    0.00000   high 
 H34     C33     C36     N38        0.00000    0.00000    0.00000    0.00000   high 
 H35     C33     C36     O37        0.00000    0.00000    0.00000    0.00000   high 
 H35     C33     C36     N38        0.00000    0.00000    0.00000    0.00000   high 
 C36     N38     C40     H41        0.00000    0.00000    0.00000    0.00000   high 
 C36     N38     C40     C42        0.00000    0.00000    0.46200    0.00000   high 
 C36     N38     C40     C56        0.00000   -2.36500    0.91200   -0.85000   high 
 O37     C36     N38     H39        0.00000    0.00000    4.90000    0.00000   high 
 O37     C36     N38     C40        0.00000    0.00000    6.08900    0.00000   high 
 N38     C40     C42     H43        0.00000    0.00000    0.00000    0.46400   high 
 N38     C40     C42     H44        0.00000    0.00000    0.00000    0.46400   high 
 N38     C40     C42     C45        0.00000    0.84500   -0.96200    0.71300   high 
 N38     C40     C56     O57        0.00000    0.00000    0.00000    0.00000   high 
 N38     C40     C56     N58        0.00000    1.81600    1.22200    1.58100   high 
 H39     N38     C40     H41        0.00000    0.00000    0.00000    0.00000   high 
 H39     N38     C40     C42        0.00000    0.00000    0.00000    0.00000   high 
 H39     N38     C40     C56        0.00000    0.00000    0.00000    0.00000   high 
 C40     C42     C45     C46        0.00000    0.00000    0.00000    0.00000   high 
 C40     C42     C45     C54        0.00000    0.00000    0.00000    0.00000   high 
 C40     C56     N58     H59        0.00000    0.00000    4.90000    0.00000   high 
 C40     C56     N58     C60        0.00000    2.30000    6.08900    0.00000   high 
 H41     C40     C42     H43        0.00000    0.00000    0.00000    0.30000   high 
 H41     C40     C42     H44        0.00000    0.00000    0.00000    0.30000   high 
 H41     C40     C42     C45        0.00000    0.00000    0.00000    0.46200   high 
 H41     C40     C56     O57        0.00000    0.00000    0.00000    0.00000   high 
 H41     C40     C56     N58        0.00000    0.00000    0.00000    0.00000   high 
 C42     C40     C56     O57        0.00000    0.00000    0.00000    0.00000   high 
 C42     C40     C56     N58        0.00000    1.17300    0.18900   -1.20000   high 
 C42     C45     C46     H47        0.00000    0.00000    7.25000    0.00000   high 
 C42     C45     C46     C48        0.00000    0.00000    7.25000    0.00000   high 
 C42     C45     C54     C52        0.00000    0.00000    7.25000    0.00000   high 
 C42     C45     C54     H55        0.00000    0.00000    7.25000    0.00000   high 
 H43     C42     C45     C46        0.00000    0.00000    0.00000    0.00000   high 
 H43     C42     C45     C54        0.00000    0.00000    0.00000    0.00000   high 
 H44     C42     C45     C46        0.00000    0.00000    0.00000    0.00000   high 
 H44     C42     C45     C54        0.00000    0.00000    0.00000    0.00000   high 
 C45     C46     C48     H49        0.00000    0.00000    7.25000    0.00000   high 
 C45     C46     C48     C50        0.00000    0.00000    7.25000    0.00000   high 
 C46     C45     C54     C52        0.00000    0.00000    7.25000    0.00000   high 
 C46     C45     C54     H55        0.00000    0.00000    7.25000    0.00000   high 
 C46     C48     C50     H51        0.00000    0.00000    7.25000    0.00000   high 
 C46     C48     C50     C52        0.00000    0.00000    7.25000    0.00000   high 
 H47     C46     C48     H49        0.00000    0.00000    7.25000    0.00000   high 
 H47     C46     C48     C50        0.00000    0.00000    7.25000    0.00000   high 
 C48     C50     C52     H53        0.00000    0.00000    7.25000    0.00000   high 
 C48     C50     C52     C54        0.00000    0.00000    7.25000    0.00000   high 
 H49     C48     C50     H51        0.00000    0.00000    7.25000    0.00000   high 
 H49     C48     C50     C52        0.00000    0.00000    7.25000    0.00000   high 
 C50     C52     C54     C45        0.00000    0.00000    7.25000    0.00000   high 
 C50     C52     C54     H55        0.00000    0.00000    7.25000    0.00000   high 
 H51     C50     C52     H53        0.00000    0.00000    7.25000    0.00000   high 
 H51     C50     C52     C54        0.00000    0.00000    7.25000    0.00000   high 
 H53     C52     C54     C45        0.00000    0.00000    7.25000    0.00000   high 
 H53     C52     C54     H55        0.00000    0.00000    7.25000    0.00000   high 
 C54     C45     C46     H47        0.00000    0.00000    7.25000    0.00000   high 
 C54     C45     C46     C48        0.00000    0.00000    7.25000    0.00000   high 
 C56     C40     C42     H43        0.00000    0.00000    0.00000   -0.07600   high 
 C56     C40     C42     H44        0.00000    0.00000    0.00000   -0.07600   high 
 C56     C40     C42     C45        0.00000   -1.69700   -0.45600    0.58500   high 
 C56     N58     C60     H61        0.00000    0.00000    0.00000    0.00000   high 
 C56     N58     C60     C62        0.00000    0.00000    0.46200    0.00000   high 
 C56     N58     C60     C73        0.00000   -2.36500    0.91200   -0.85000   high 
 O57     C56     N58     H59        0.00000    0.00000    4.90000    0.00000   high 
 O57     C56     N58     C60        0.00000    0.00000    6.08900    0.00000   high 
 N58     C60     C62     H63        0.00000    0.00000    0.00000    0.46400   high 
 N58     C60     C62     H64        0.00000    0.00000    0.00000    0.46400   high 
 N58     C60     C62     C65        0.00000    0.84500   -0.96200    0.71300   high 
 N58     C60     C73     O74        0.00000    0.00000    0.00000    0.00000   high 
 N58     C60     C73     O75        0.00000    0.00000    0.00000    0.00000   high 
 H59     N58     C60     H61        0.00000    0.00000    0.00000    0.00000   high 
 H59     N58     C60     C62        0.00000    0.00000    0.00000    0.00000   high 
 H59     N58     C60     C73        0.00000    0.00000    0.00000    0.00000   high 
 C60     C62     C65     H66        0.00000    0.00000    0.00000    0.30000   high 
 C60     C62     C65     H67        0.00000    0.00000    0.00000    0.30000   high 
 C60     C62     C65     S68        0.00000    2.61900   -0.62000    0.25800   high 
 H61     C60     C62     H63        0.00000    0.00000    0.00000    0.30000   high 
 H61     C60     C62     H64        0.00000    0.00000    0.00000    0.30000   high 
 H61     C60     C62     C65        0.00000    0.00000    0.00000    0.30000   high 
 H61     C60     C73     O74        0.00000    0.00000    0.00000    0.00000   high 
 H61     C60     C73     O75        0.00000    0.00000    0.00000    0.00000   high 
 C62     C60     C73     O74        0.00000    0.00000    0.00000    0.00000   high 
 C62     C60     C73     O75        0.00000    0.00000    0.00000    0.00000   high 
 C62     C65     S68     C69        0.00000    0.92500   -0.57600    0.67700   high 
 H63     C62     C65     H66        0.00000    0.00000    0.00000    0.30000   high 
 H63     C62     C65     H67        0.00000    0.00000    0.00000    0.30000   high 
 H63     C62     C65     S68        0.00000    0.00000    0.00000    0.45200   high 
 H64     C62     C65     H66        0.00000    0.00000    0.00000    0.30000   high 
 H64     C62     C65     H67        0.00000    0.00000    0.00000    0.30000   high 
 H64     C62     C65     S68        0.00000    0.00000    0.00000    0.45200   high 
 C65     S68     C69     H70        0.00000    0.00000    0.00000    0.64700   high 
 C65     S68     C69     H71        0.00000    0.00000    0.00000    0.64700   high 
 C65     S68     C69     H72        0.00000    0.00000    0.00000    0.64700   high 
 H66     C65     S68     C69        0.00000    0.00000    0.00000    0.64700   high 
 H67     C65     S68     C69        0.00000    0.00000    0.00000    0.64700   high 
 C73     C60     C62     H63        0.00000    0.00000    0.00000   -0.07600   high 
 C73     C60     C62     H64        0.00000    0.00000    0.00000   -0.07600   high 
 C73     C60     C62     C65        0.00000   -1.69700   -0.45600    0.58500   high 
 C5      N24     C22     O23        0.00000    0.00000   21.00000    0.00000   high 
 C26     C22     N24     H25        0.00000    0.00000    2.00000    0.00000   high 
 C26     N31     C29     O30        0.00000    0.00000   21.00000    0.00000   high 
 C33     C29     N31     H32        0.00000    0.00000    2.00000    0.00000   high 
 C33     N38     C36     O37        0.00000    0.00000   21.00000    0.00000   high 
 C40     C36     N38     H39        0.00000    0.00000    2.00000    0.00000   high 
 C40     N58     C56     O57        0.00000    0.00000   21.00000    0.00000   high 
 C60     C56     N58     H59        0.00000    0.00000    2.00000    0.00000   high 
 C60     O74     C73     O75        0.00000    0.00000   21.00000    0.00000   high 
 C15     C20     C18     H19        0.00000    0.00000    2.20000    0.00000   high 
 C10     C18     C20     H21        0.00000    0.00000    2.20000    0.00000   high 
 C11     C20     C10     C7         0.00000    0.00000    2.20000    0.00000   high 
 C10     C13     C11     H12        0.00000    0.00000    2.20000    0.00000   high 
 C11     C15     C13     H14        0.00000    0.00000    2.20000    0.00000   high 
 C13     C18     C15     O16        0.00000    0.00000    2.20000    0.00000   high 
 C50     C54     C52     H53        0.00000    0.00000    2.20000    0.00000   high 
 C45     C52     C54     H55        0.00000    0.00000    2.20000    0.00000   high 
 C46     C54     C45     C42        0.00000    0.00000    2.20000    0.00000   high 
 C45     C48     C46     H47        0.00000    0.00000    2.20000    0.00000   high 
 C46     C50     C48     H49        0.00000    0.00000    2.20000    0.00000   high 
 C48     C52     C50     H51        0.00000    0.00000    2.20000    0.00000   high 
Finish assigning/reporting parameters 

Finish building template for IMPACT 

Atomtyping finished successfully for molecule: myprot 

 CHAIN NAME FOR CHAIN #    1 IS :  
%IMPACT-I (primary): Molecule PROT                 is a ligand
 * DATABASE FILE FOR MYPROT                                                      

     SEQUENCE FOR MOLECULE : PROT                

     MYP 
%IMPACT-I (openrd): Request to open FORMATTED file ./myprot.pdb on unit  23
 Beginning CREATE subtask READ                                                  
  Coord read in BROO format 
%IMPACT-I (openrd): Request to open FORMATTED file ./myprot.pdb on unit  23
%IMPACT-I (readhead): After reading the header for file 23 the data are:

 n first con.  timestep  nwrit    ntrjct   nspec  nmole(i)
       200      .00000       1       0       1       1
                                                  natom(i)
                                                   75
  Format: REAL8 Box: 0
  itrjhdr:  0
     COOR read from myprot.pdb

     Matching of residues starts with residue   1  and ends with residue   1

 Beginning CREATE subtask QUIT                                                  
Connection Table: 
 species:     1
      1:    2    3    4    5    0    0
      2:    1    0    0    0    0    0
      3:    1    0    0    0    0    0
      4:    1    0    0    0    0    0
      5:    1    6    7   22    0    0
      6:    5    0    0    0    0    0
      7:    5    8    9   10    0    0
      8:    7    0    0    0    0    0
      9:    7    0    0    0    0    0
     10:    7   11   20    0    0    0
     11:   10   12   13    0    0    0
     12:   11    0    0    0    0    0
     13:   11   14   15    0    0    0
     14:   13    0    0    0    0    0
     15:   13   16   18    0    0    0
     16:   15   17    0    0    0    0
     17:   16    0    0    0    0    0
     18:   15   19   20    0    0    0
     19:   18    0    0    0    0    0
     20:   10   18   21    0    0    0
     21:   20    0    0    0    0    0
     22:    5   23   24    0    0    0
     23:   22    0    0    0    0    0
     24:   22   25   26    0    0    0
     25:   24    0    0    0    0    0
     26:   24   27   28   29    0    0
     27:   26    0    0    0    0    0
     28:   26    0    0    0    0    0
     29:   26   30   31    0    0    0
     30:   29    0    0    0    0    0
     31:   29   32   33    0    0    0
     32:   31    0    0    0    0    0
     33:   31   34   35   36    0    0
     34:   33    0    0    0    0    0
     35:   33    0    0    0    0    0
     36:   33   37   38    0    0    0
     37:   36    0    0    0    0    0
     38:   36   39   40    0    0    0
     39:   38    0    0    0    0    0
     40:   38   41   42   56    0    0
     41:   40    0    0    0    0    0
     42:   40   43   44   45    0    0
     43:   42    0    0    0    0    0
     44:   42    0    0    0    0    0
     45:   42   46   54    0    0    0
     46:   45   47   48    0    0    0
     47:   46    0    0    0    0    0
     48:   46   49   50    0    0    0
     49:   48    0    0    0    0    0
     50:   48   51   52    0    0    0
     51:   50    0    0    0    0    0
     52:   50   53   54    0    0    0
     53:   52    0    0    0    0    0
     54:   45   52   55    0    0    0
     55:   54    0    0    0    0    0
     56:   40   57   58    0    0    0
     57:   56    0    0    0    0    0
     58:   56   59   60    0    0    0
     59:   58    0    0    0    0    0
     60:   58   61   62   73    0    0
     61:   60    0    0    0    0    0
     62:   60   63   64   65    0    0
     63:   62    0    0    0    0    0
     64:   62    0    0    0    0    0
     65:   62   66   67   68    0    0
     66:   65    0    0    0    0    0
     67:   65    0    0    0    0    0
     68:   65   69    0    0    0    0
     69:   68   70   71   72    0    0
     70:   69    0    0    0    0    0
     71:   69    0    0    0    0    0
     72:   69    0    0    0    0    0
     73:   60   74   75    0    0    0
     74:   73    0    0    0    0    0
     75:   73    0    0    0    0    0

 ---------------------------------
 Beginning IMPACT task: SETM
 Beginning SETMODEL subtask SETP                                                
 Beginning SETMODEL subtask READ                                                
%IMPACT-I (openrd): Request to open FORMATTED file /u/ruhong/junk/impact/data/opls/paramstd.dat on unit  53
   S U B T A S K   R E A D   P A R M 


 * File: paramstd.dat (OPLS version)                                             
 * Date: 04-98, Ruhong Zhou, Schrodinger, Inc.                                   
 * OPLSAA Parameter file in IMPACT format containing parameters from OPLS        
 * all-atom force field (Jorgensen et al.) relevant to proteins, DNA/RNA         
 * and various organic molecules for drug design                                 






 The total molecular weights for the species are:
                                                      573.66000
 The total charges for the species are:
                                                         .00000
 The total charge of the system is: 
                                                         .00000
***Torsion not matched:  N   -CT1 -C   -O2   
***Closest one assigned: N   -CT1 -C   -O      quality: high  

***Torsion not matched:  HC  -CT1 -C   -O2   
***Closest one assigned: HC  -CT1 -C   -OC3    quality: high  

***Torsion not matched:  CT  -CT1 -C   -O2   
***Closest one assigned: CT  -CT1 -C   -O      quality: high  


 Checking all bonds, angles and torsions to guarantee that all have parameters
     Energy parameters are read in from file: paramstd.dat
 Beginning SETMODEL subtask ENER                                                
 Beginning SETMODEL subtask QUIT                                                
 
 
   Term                    Weight              Function form       

 Intramolecular terms for species name PROT                
   bond                     1.00000            Harmonic                                
   angle                    1.00000            Harmonic                                
   torsion                  1.00000            Fourier                                 
   el14                     1.00000            1,4 electrostatics                      
   lj14                     1.00000            1,4 VdW - 6-12 pot                      
   el internal              1.00000            internal electrostatics                 
   lj internal              1.00000            internal VdW - 6-12 pot                 
   hb internal              1.00000            internal hbond - 10-12 pot              
 
  Intermolecular terms for all species 
   vdw                      1.00000            6-12 potential                          
   electrostatic            1.00000            Constant dielectric                     
   hbond                    1.00000            10-12 with electrostatics               
   hbond electrostatic      1.00000            10-12 with electrostatics               
   sec-struc constraint    25.00000            Buffer harmonic constraint              

 ---------------------------------
 Beginning IMPACT task: MINM
 Beginning MINIMIZE subtask INPU                                                
 Beginning MINIMIZE subtask CONJ                                                
 Beginning MINIMIZE subtask RUN                                                 

 Energy parameters


 The non-bonded list cutoff          =   99.00000
 The H-bond cutoff                   =    3.50000
 The 1-4 non-bonded screening factor =     .50000
 The dielectric constant is constant and is    1.00000
 Non-bonded list generated every ****** steps


 Total number of atoms  =    75


 MINIMIZATION PARAMETERS

 MAXIMUM NO. OF CYCLES =      0
 ENERGY CRITERION =     .10000E-02
 RMS FORCE CRITERION =     .50000E-01
 CONJUGATE GRADIENT ONLY.
   INITIAL STEPSIZE =     .10000
   LARGEST STEP SIZE =    1.00000
   MAXIMUM NUMBER OF LINE SEARCH STEPS =     5
%IMPACT-I (allocnb): Verlet list size =     2775
%IMPACT-I (allochb): Hydrogen bond list size =       56
 


 Step number:      0           Non-bonded count:     2398 H-bond count:     7
 E-pot        RMS grad     Max grad    
 -1.54991E+02  4.95225E-01  2.15885E+00
 Bond         Angle        Dihedral     LJ-14        EL-14        LJ - 6-12    Electrost    HB - 1012   
  1.45315E+00  9.07211E+00 -4.81396E-01  2.81670E+01  2.26133E+02 -1.25234E+01 -4.06811E+02  0.00000E+00
 Beginning MINIMIZE subtask QUIT                                                

 ---------------------------------
 Beginning IMPACT task: END 


Final Energy Reports:
------------------------------------
 Total Energy of the system...... -1.54990903E+02 kcal/mol
 Total Potential Energy.......... -1.54990903E+02 kcal/mol
 Total Kinetic Energy............  0.00000000E+00 kcal/mol
 Temperature of the system.......         .000 K
 Bond Stretch Energy.............  1.45315198E+00 kcal/mol
 Angle Bending Energy............  9.07210852E+00 kcal/mol
 Torsion Angle Energy............ -4.81396497E-01 kcal/mol
 1,4 Lennard Jones Energy........  2.81669669E+01 kcal/mol
 1,4 Electrostatic Energy........  2.26132604E+02 kcal/mol
 Lennard Jones Energy............ -1.25234456E+01 kcal/mol
 Electrostatic Energy............ -4.06810892E+02 kcal/mol
 H-bond Energy...................  0.00000000E+00 kcal/mol
 
%IMPACT-I (memstat): Temporary storage statistics
                     real*8:      720000
                     integer*4:  1126083
                     char*4:          86
%IMPACT-I (memstat): Total dynamics storage was     10.26 MB
%IMPACT-I (timit): Total CPU time =       9.13 seconds (    .2 minutes)
