
NODE_COUNT  2                        AVG                  STDDEV                  
----------- ------------------------ -------------------- ------------------------
         32 AssignCharge                          1161543   +3.53715106439402E+004
        256 AssignCharge                           483747   +1.78559134115475E+004
        512 AssignCharge                           431285   +1.62968366171629E+004
         32 ForwardFFT                           14078947   +2.56088323560378E+005
        256 ForwardFFT                            2929061   +1.12377528059678E+005
        512 ForwardFFT                            1904237   +8.47238334638579E+004
         32 Interpolate                           1442990   +5.77851616949315E+004
        256 Interpolate                            252790   +2.88771144646691E+004
        512 Interpolate                            161268   +2.41686929712128E+004
         32 KSpaceEvaluation                     33383115   +2.64023517211114E+005
        256 KSpaceEvaluation                      6738434   +1.12956599316185E+005
        512 KSpaceEvaluation                      4424837   +8.03803020400717E+004
         32 mGlobalizePositions                   4796522   +3.25424879208267E+005
        256 mGlobalizePositions                   4696099   +2.26490228127300E+005
        512 mGlobalizePositions                   4776788   +2.31245422871180E+005
         32 mReduceForces                         4313498   +2.51675988368943E+005
        256 mReduceForces                         4417809   +1.63470329994676E+005
        512 mReduceForces                         4344623   +1.59724832194669E+005
         32 NSQ_RealSpace_Meat_                  37539431   +2.08172929175022E+005
        256 NSQ_RealSpace_Meat_                   4740730   +7.61016788251970E+004
        512 NSQ_RealSpace_Meat_                   2370499   +5.86590076573425E+004
         32 P3ME_Convolve_                        1693602   +9.01119744120475E+005
        256 P3ME_Convolve_                         163330   +7.25820044953045E+004
        512 P3ME_Convolve_                          81553   +3.12869644907998E+004
         32 P3ME_ReverseFFT_                     14785161   +9.02433017852327E+005
        256 P3ME_ReverseFFT_                      2873090   +9.39121418180811E+004
        512 P3ME_ReverseFFT_                      1815997   +4.21043269734080E+004
         32 RealSpace                            39870110   +2.46608502084147E+006
        256 RealSpace                             5647976   +8.03992137882253E+005
        512 RealSpace                             3180266   +6.81796808278486E+005

  30 record(s) selected.


