
NODE_COUNT  2                        AVG                  STDDEV                   MIN                  MAX                 
----------- ------------------------ -------------------- ------------------------ -------------------- --------------------
         32 AssignCharge                          1161543   +3.53715106439402E+004              1075000              1233000
        256 AssignCharge                           483747   +1.78559134115475E+004               442000               549000
        512 AssignCharge                           431285   +1.62968366171629E+004               392000               498000
         32 ForwardFFT                           14078947   +2.56088323560378E+005             13326000             14876000
        256 ForwardFFT                            2929061   +1.12377528059678E+005              2476000              3370000
        512 ForwardFFT                            1904237   +8.47238334638579E+004              1532000              2204000
         32 Interpolate                           1442990   +5.77851616949315E+004              1299000              1564000
        256 Interpolate                            252790   +2.88771144646691E+004               187000               366000
        512 Interpolate                            161268   +2.41686929712128E+004               106000               274000
         32 KSpaceEvaluation                     33383115   +2.64023517211114E+005             32543000             34186000
        256 KSpaceEvaluation                      6738434   +1.12956599316185E+005              6232000              7185000
        512 KSpaceEvaluation                      4424837   +8.03803020400717E+004              4055000              4749000
         32 mGlobalizePositions                   4796522   +3.25424879208267E+005              3898000              5872000
        256 mGlobalizePositions                   4696099   +2.26490228127301E+005              3715000              5694000
        512 mGlobalizePositions                   4776788   +2.31245422871180E+005              3814000              5762000
         32 mReduceForces                         4313498   +2.51675988368943E+005              3434000              5170000
        256 mReduceForces                         4417809   +1.63470329994675E+005              3680000              4999000
        512 mReduceForces                         4344623   +1.59724832194669E+005              3709000              4843000
         32 NSQ_RealSpace_Meat_                  37539431   +2.08172929175022E+005             37009000             38237000
        256 NSQ_RealSpace_Meat_                   4740730   +7.61016788251970E+004              4482000              5036000
        512 NSQ_RealSpace_Meat_                   2370499   +5.86590076573425E+004              2186000              2556000
         32 P3ME_Convolve_                        1693602   +9.01119744120475E+005               777000              2640000
        256 P3ME_Convolve_                         163330   +7.25820044953045E+004                84000               256000
        512 P3ME_Convolve_                          81553   +3.12869644907999E+004                48000               116000
         32 P3ME_ReverseFFT_                     14785161   +9.02433017852327E+005             13314000             16250000
        256 P3ME_ReverseFFT_                      2873090   +9.39121418180811E+004              2597000              3221000
        512 P3ME_ReverseFFT_                      1815997   +4.21043269734080E+004              1606000              1953000
         32 RealSpace                            39870110   +2.46608502084147E+006             37432000             43414000
        256 RealSpace                             5647976   +8.03992137882252E+005              4737000              6911000
        512 RealSpace                             3180266   +6.81796808278484E+005              2444000              4230000

  30 record(s) selected.


